<?xml version="1.0" encoding="UTF-8"?>
<<<<<<< HEAD
<testsuite xmlns:xsi="http://www.w3.org/2001/XMLSchema-instance" xsi:noNamespaceSchemaLocation="https://maven.apache.org/surefire/maven-surefire-plugin/xsd/surefire-test-report.xsd" name="com.file_system.AppTest" time="0.04" tests="1" errors="0" skipped="0" failures="0">
=======
<testsuite xmlns:xsi="http://www.w3.org/2001/XMLSchema-instance" xsi:noNamespaceSchemaLocation="https://maven.apache.org/surefire/maven-surefire-plugin/xsd/surefire-test-report.xsd" name="com.file_system.AppTest" time="0.009" tests="1" errors="0" skipped="0" failures="0">
>>>>>>> 969da80e807712bf6449a9ae1bd2da4922d8b9f9
  <properties>
    <property name="gopherProxySet" value="false"/>
    <property name="awt.toolkit" value="sun.lwawt.macosx.LWCToolkit"/>
    <property name="java.specification.version" value="11"/>
    <property name="sun.cpu.isalist" value=""/>
    <property name="sun.jnu.encoding" value="UTF-8"/>
    <property name="java.class.path" value="/Users/sanjay/Documents/UIUC/CS425/MPs/G99/MP4/file_system/target/test-classes:/Users/sanjay/Documents/UIUC/CS425/MPs/G99/MP4/file_system/target/classes:/Users/sanjay/.m2/repository/junit/junit/4.11/junit-4.11.jar:/Users/sanjay/.m2/repository/org/hamcrest/hamcrest-core/1.3/hamcrest-core-1.3.jar:/Users/sanjay/.m2/repository/org/projectlombok/lombok/1.18.34/lombok-1.18.34.jar:"/>
    <property name="java.vm.vendor" value="Homebrew"/>
    <property name="sun.arch.data.model" value="64"/>
    <property name="java.vendor.url" value="https://github.com/Homebrew/homebrew-core/issues"/>
    <property name="user.timezone" value=""/>
    <property name="java.vm.specification.version" value="11"/>
    <property name="os.name" value="Mac OS X"/>
    <property name="sun.java.launcher" value="SUN_STANDARD"/>
    <property name="user.country" value="US"/>
<<<<<<< HEAD
    <property name="sun.boot.library.path" value="C:\Java\bin"/>
    <property name="sun.java.command" value="C:\Users\dhanu\AppData\Local\Temp\surefire16732969899274340927\surefirebooter12739656733015708421.jar C:\Users\dhanu\AppData\Local\Temp\surefire16732969899274340927 2024-12-08T17-59-53_676-jvmRun1 surefire13155313808751183293tmp surefire_02106591629067412653tmp"/>
=======
    <property name="sun.boot.library.path" value="/opt/homebrew/Cellar/openjdk@11/11.0.25/libexec/openjdk.jdk/Contents/Home/lib"/>
    <property name="sun.java.command" value="/Users/sanjay/Documents/UIUC/CS425/MPs/G99/MP4/file_system/target/surefire/surefirebooter4793702624021134449.jar /Users/sanjay/Documents/UIUC/CS425/MPs/G99/MP4/file_system/target/surefire 2024-12-08T18-30-02_295-jvmRun1 surefire10027783424000666026tmp surefire_06775412847634485302tmp"/>
    <property name="http.nonProxyHosts" value="local|*.local|169.254/16|*.169.254/16"/>
>>>>>>> 969da80e807712bf6449a9ae1bd2da4922d8b9f9
    <property name="jdk.debug" value="release"/>
    <property name="surefire.test.class.path" value="/Users/sanjay/Documents/UIUC/CS425/MPs/G99/MP4/file_system/target/test-classes:/Users/sanjay/Documents/UIUC/CS425/MPs/G99/MP4/file_system/target/classes:/Users/sanjay/.m2/repository/junit/junit/4.11/junit-4.11.jar:/Users/sanjay/.m2/repository/org/hamcrest/hamcrest-core/1.3/hamcrest-core-1.3.jar:/Users/sanjay/.m2/repository/org/projectlombok/lombok/1.18.34/lombok-1.18.34.jar:"/>
    <property name="sun.cpu.endian" value="little"/>
    <property name="user.home" value="/Users/sanjay"/>
    <property name="user.language" value="en"/>
    <property name="java.specification.vendor" value="Oracle Corporation"/>
    <property name="java.version.date" value="2024-10-15"/>
    <property name="java.home" value="/opt/homebrew/Cellar/openjdk@11/11.0.25/libexec/openjdk.jdk/Contents/Home"/>
    <property name="file.separator" value="/"/>
    <property name="basedir" value="/Users/sanjay/Documents/UIUC/CS425/MPs/G99/MP4/file_system"/>
    <property name="java.vm.compressedOopsMode" value="Zero based"/>
    <property name="line.separator" value="&#10;"/>
    <property name="java.specification.name" value="Java Platform API Specification"/>
    <property name="java.vm.specification.vendor" value="Oracle Corporation"/>
<<<<<<< HEAD
    <property name="java.awt.graphicsenv" value="sun.awt.Win32GraphicsEnvironment"/>
    <property name="surefire.real.class.path" value="C:\Users\dhanu\AppData\Local\Temp\surefire16732969899274340927\surefirebooter12739656733015708421.jar"/>
    <property name="user.script" value=""/>
=======
    <property name="java.awt.graphicsenv" value="sun.awt.CGraphicsEnvironment"/>
    <property name="surefire.real.class.path" value="/Users/sanjay/Documents/UIUC/CS425/MPs/G99/MP4/file_system/target/surefire/surefirebooter4793702624021134449.jar"/>
>>>>>>> 969da80e807712bf6449a9ae1bd2da4922d8b9f9
    <property name="sun.management.compiler" value="HotSpot 64-Bit Tiered Compilers"/>
    <property name="ftp.nonProxyHosts" value="local|*.local|169.254/16|*.169.254/16"/>
    <property name="java.runtime.version" value="11.0.25+0"/>
    <property name="user.name" value="sanjay"/>
    <property name="path.separator" value=":"/>
    <property name="os.version" value="15.1"/>
    <property name="java.runtime.name" value="OpenJDK Runtime Environment"/>
    <property name="file.encoding" value="UTF-8"/>
    <property name="java.vm.name" value="OpenJDK 64-Bit Server VM"/>
    <property name="java.vendor.version" value="Homebrew"/>
    <property name="localRepository" value="/Users/sanjay/.m2/repository"/>
    <property name="java.vendor.url.bug" value="https://github.com/Homebrew/homebrew-core/issues"/>
    <property name="java.io.tmpdir" value="/var/folders/1c/w_6_p1q11lbc0q33pjlf7szw0000gn/T/"/>
    <property name="java.version" value="11.0.25"/>
    <property name="user.dir" value="/Users/sanjay/Documents/UIUC/CS425/MPs/G99/MP4/file_system"/>
    <property name="os.arch" value="aarch64"/>
    <property name="java.vm.specification.name" value="Java Virtual Machine Specification"/>
    <property name="java.awt.printerjob" value="sun.lwawt.macosx.CPrinterJob"/>
    <property name="sun.os.patch.level" value="unknown"/>
    <property name="java.library.path" value="/Users/sanjay/Library/Java/Extensions:/Library/Java/Extensions:/Network/Library/Java/Extensions:/System/Library/Java/Extensions:/usr/lib/java:."/>
    <property name="java.vm.info" value="mixed mode"/>
    <property name="java.vendor" value="Homebrew"/>
    <property name="java.vm.version" value="11.0.25+0"/>
    <property name="java.specification.maintenance.version" value="3"/>
    <property name="sun.io.unicode.encoding" value="UnicodeBig"/>
    <property name="java.class.version" value="55.0"/>
    <property name="socksNonProxyHosts" value="local|*.local|169.254/16|*.169.254/16"/>
  </properties>
  <testcase name="shouldAnswerWithTrue" classname="com.file_system.AppTest" time="0.007"/>
</testsuite>